19:59:45.765 INFO - Launching a standalone Selenium Server
19:59:45.812 INFO - Java: Oracle Corporation 25.101-b13
19:59:45.812 INFO - OS: Windows 10 10.0 amd64
19:59:45.819 INFO - v2.53.1, with Core v2.53.1. Built from revision a36b8b1
19:59:45.857 INFO - Driver class not found: com.opera.core.systems.OperaDriver
19:59:45.857 INFO - Driver provider com.opera.core.systems.OperaDriver is not registered
19:59:45.862 INFO - Driver provider org.openqa.selenium.safari.SafariDriver registration is skipped:
registration capabilities Capabilities [{browserName=safari, version=, platform=MAC}] does not match the current platform WIN10
19:59:45.863 INFO - Driver class not found: org.openqa.selenium.htmlunit.HtmlUnitDriver
19:59:45.863 INFO - Driver provider org.openqa.selenium.htmlunit.HtmlUnitDriver is not registered
19:59:45.920 INFO - RemoteWebDriver instances should connect to: http://127.0.0.1:4444/wd/hub
19:59:45.920 INFO - Selenium Server is up and running
19:59:46.127 INFO - Executing: [new session: Capabilities [{acceptSslCerts=true, phantomjs.binary.path=C:\Users\Arthur Chang\Desktop\React-Redux-Practice\node_modules\phantomjs-prebuilt\lib\phantom\bin\phantomjs.exe, name=Login, browserName=chrome, javascriptEnabled=true, platform=ANY}]])
19:59:46.133 INFO - Creating a new session for Capabilities [{acceptSslCerts=true, phantomjs.binary.path=C:\Users\Arthur Chang\Desktop\React-Redux-Practice\node_modules\phantomjs-prebuilt\lib\phantom\bin\phantomjs.exe, name=Login, browserName=chrome, javascriptEnabled=true, platform=ANY}]
Starting ChromeDriver 2.21.371459 (36d3d07f660ff2bc1bf28a75d1cdabed0983e7c4) on port 5169
Only local connections are allowed.
19:59:48.366 INFO - Done: [new session: Capabilities [{acceptSslCerts=true, phantomjs.binary.path=C:\Users\Arthur Chang\Desktop\React-Redux-Practice\node_modules\phantomjs-prebuilt\lib\phantom\bin\phantomjs.exe, name=Login, browserName=chrome, javascriptEnabled=true, platform=ANY}]]
19:59:48.377 INFO - Executing: [get: http://localhost:8080])
19:59:49.505 INFO - Done: [get: http://localhost:8080]
19:59:49.513 INFO - Executing: [find elements: By.cssSelector: body])
19:59:49.537 INFO - Done: [find elements: By.cssSelector: body]
19:59:49.542 INFO - Executing: [is displayed: 0 [[ChromeDriver: chrome on XP (891413dff1d869680c42210605c4e831)] -> css selector: body]])
19:59:49.556 INFO - Done: [is displayed: 0 [[ChromeDriver: chrome on XP (891413dff1d869680c42210605c4e831)] -> css selector: body]]
19:59:49.561 INFO - Executing: [find element: By.cssSelector: a[href="/login"]])
19:59:49.586 INFO - Done: [find element: By.cssSelector: a[href="/login"]]
19:59:49.588 INFO - Executing: [click: 1 [[ChromeDriver: chrome on XP (891413dff1d869680c42210605c4e831)] -> css selector: a[href="/login"]]])
19:59:49.642 INFO - Done: [click: 1 [[ChromeDriver: chrome on XP (891413dff1d869680c42210605c4e831)] -> css selector: a[href="/login"]]]
19:59:49.647 INFO - Executing: [find element: By.cssSelector: input[name=username]])
19:59:49.686 INFO - Done: [find element: By.cssSelector: input[name=username]]
19:59:49.689 INFO - Executing: [send keys: 2 [[ChromeDriver: chrome on XP (891413dff1d869680c42210605c4e831)] -> css selector: input[name=username]], [a, p, i, ., t, e, s, t, 0, 1]])
19:59:49.746 INFO - Done: [send keys: 2 [[ChromeDriver: chrome on XP (891413dff1d869680c42210605c4e831)] -> css selector: input[name=username]], [a, p, i, ., t, e, s, t, 0, 1]]
19:59:49.752 INFO - Executing: [find element: By.cssSelector: input[type=submit]])
19:59:49.767 INFO - Done: [find element: By.cssSelector: input[type=submit]]
19:59:49.769 INFO - Executing: [click: 3 [[ChromeDriver: chrome on XP (891413dff1d869680c42210605c4e831)] -> css selector: input[type=submit]]])
19:59:49.824 INFO - Done: [click: 3 [[ChromeDriver: chrome on XP (891413dff1d869680c42210605c4e831)] -> css selector: input[type=submit]]]
19:59:49.839 INFO - Executing: [get: http://localhost:8080])
19:59:50.295 INFO - Done: [get: http://localhost:8080]
19:59:50.301 INFO - Executing: [find elements: By.cssSelector: body])
19:59:50.316 INFO - Done: [find elements: By.cssSelector: body]
19:59:50.319 INFO - Executing: [is displayed: 4 [[ChromeDriver: chrome on XP (891413dff1d869680c42210605c4e831)] -> css selector: body]])
19:59:50.336 INFO - Done: [is displayed: 4 [[ChromeDriver: chrome on XP (891413dff1d869680c42210605c4e831)] -> css selector: body]]
19:59:50.340 INFO - Executing: [find element: By.cssSelector: a[href="/login"]])
19:59:50.362 INFO - Done: [find element: By.cssSelector: a[href="/login"]]
19:59:50.364 INFO - Executing: [click: 5 [[ChromeDriver: chrome on XP (891413dff1d869680c42210605c4e831)] -> css selector: a[href="/login"]]])
19:59:50.423 INFO - Done: [click: 5 [[ChromeDriver: chrome on XP (891413dff1d869680c42210605c4e831)] -> css selector: a[href="/login"]]]
19:59:50.428 INFO - Executing: [find element: By.cssSelector: input[type=submit]])
19:59:50.436 INFO - Done: [find element: By.cssSelector: input[type=submit]]
19:59:50.439 INFO - Executing: [click: 6 [[ChromeDriver: chrome on XP (891413dff1d869680c42210605c4e831)] -> css selector: input[type=submit]]])
19:59:50.492 INFO - Done: [click: 6 [[ChromeDriver: chrome on XP (891413dff1d869680c42210605c4e831)] -> css selector: input[type=submit]]]
19:59:50.499 INFO - Executing: [find element: By.cssSelector: div.alert-danger])
19:59:50.811 WARN - Exception thrown
org.openqa.selenium.NoSuchElementException: no such element: Unable to locate element: {"method":"css selector","selector":"div.alert-danger"}
  (Session info: chrome=51.0.2704.103)
  (Driver info: chromedriver=2.21.371459 (36d3d07f660ff2bc1bf28a75d1cdabed0983e7c4),platform=Windows NT 10.0 x86_64) (WARNING: The server did not provide any stacktrace information)
Command duration or timeout: 16 milliseconds
For documentation on this error, please visit: http://seleniumhq.org/exceptions/no_such_element.html
Build info: version: '2.53.1', revision: 'a36b8b1', time: '2016-06-30 17:37:03'
System info: host: 'AFTadmin-PC', ip: '169.254.80.80', os.name: 'Windows 10', os.arch: 'amd64', os.version: '10.0', java.version: '1.8.0_101'
Driver info: org.openqa.selenium.chrome.ChromeDriver
Capabilities [{applicationCacheEnabled=false, rotatable=false, mobileEmulationEnabled=false, chrome={chromedriverVersion=2.21.371459 (36d3d07f660ff2bc1bf28a75d1cdabed0983e7c4), userDataDir=C:\Temp\scoped_dir18276_12472}, takesHeapSnapshot=true, databaseEnabled=false, handlesAlerts=true, hasTouchScreen=false, version=51.0.2704.103, platform=XP, browserConnectionEnabled=false, nativeEvents=true, acceptSslCerts=true, locationContextEnabled=true, webStorageEnabled=true, browserName=chrome, takesScreenshot=true, javascriptEnabled=true, cssSelectorsEnabled=true}]
Session ID: 891413dff1d869680c42210605c4e831
*** Element info: {Using=css selector, value=div.alert-danger}
	at sun.reflect.NativeConstructorAccessorImpl.newInstance0(Native Method)
	at sun.reflect.NativeConstructorAccessorImpl.newInstance(Unknown Source)
	at sun.reflect.DelegatingConstructorAccessorImpl.newInstance(Unknown Source)
	at java.lang.reflect.Constructor.newInstance(Unknown Source)
	at org.openqa.selenium.remote.ErrorHandler.createThrowable(ErrorHandler.java:206)
	at org.openqa.selenium.remote.ErrorHandler.throwIfResponseFailed(ErrorHandler.java:158)
	at org.openqa.selenium.remote.RemoteWebDriver.execute(RemoteWebDriver.java:678)
	at org.openqa.selenium.remote.RemoteWebDriver.findElement(RemoteWebDriver.java:363)
	at org.openqa.selenium.remote.RemoteWebDriver.findElementByCssSelector(RemoteWebDriver.java:492)
	at org.openqa.selenium.By$ByCssSelector.findElement(By.java:430)
	at org.openqa.selenium.remote.RemoteWebDriver.findElement(RemoteWebDriver.java:355)
	at sun.reflect.NativeMethodAccessorImpl.invoke0(Native Method)
	at sun.reflect.NativeMethodAccessorImpl.invoke(Unknown Source)
	at sun.reflect.DelegatingMethodAccessorImpl.invoke(Unknown Source)
	at java.lang.reflect.Method.invoke(Unknown Source)
	at org.openqa.selenium.support.events.EventFiringWebDriver$2.invoke(EventFiringWebDriver.java:103)
	at com.sun.proxy.$Proxy1.findElement(Unknown Source)
	at org.openqa.selenium.support.events.EventFiringWebDriver.findElement(EventFiringWebDriver.java:188)
	at org.openqa.selenium.remote.server.handler.FindElement.call(FindElement.java:48)
	at org.openqa.selenium.remote.server.handler.FindElement.call(FindElement.java:1)
	at java.util.concurrent.FutureTask.run(Unknown Source)
	at org.openqa.selenium.remote.server.DefaultSession$1.run(DefaultSession.java:176)
	at java.util.concurrent.ThreadPoolExecutor.runWorker(Unknown Source)
	at java.util.concurrent.ThreadPoolExecutor$Worker.run(Unknown Source)
	at java.lang.Thread.run(Unknown Source)
19:59:50.813 WARN - Exception: no such element: Unable to locate element: {"method":"css selector","selector":"div.alert-danger"}
  (Session info: chrome=51.0.2704.103)
  (Driver info: chromedriver=2.21.371459 (36d3d07f660ff2bc1bf28a75d1cdabed0983e7c4),platform=Windows NT 10.0 x86_64) (WARNING: The server did not provide any stacktrace information)
Command duration or timeout: 16 milliseconds
For documentation on this error, please visit: http://seleniumhq.org/exceptions/no_such_element.html
Build info: version: '2.53.1', revision: 'a36b8b1', time: '2016-06-30 17:37:03'
System info: host: 'AFTadmin-PC', ip: '169.254.80.80', os.name: 'Windows 10', os.arch: 'amd64', os.version: '10.0', java.version: '1.8.0_101'
Driver info: org.openqa.selenium.chrome.ChromeDriver
Capabilities [{applicationCacheEnabled=false, rotatable=false, mobileEmulationEnabled=false, chrome={chromedriverVersion=2.21.371459 (36d3d07f660ff2bc1bf28a75d1cdabed0983e7c4), userDataDir=C:\Temp\scoped_dir18276_12472}, takesHeapSnapshot=true, databaseEnabled=false, handlesAlerts=true, hasTouchScreen=false, version=51.0.2704.103, platform=XP, browserConnectionEnabled=false, nativeEvents=true, acceptSslCerts=true, locationContextEnabled=true, webStorageEnabled=true, browserName=chrome, takesScreenshot=true, javascriptEnabled=true, cssSelectorsEnabled=true}]
Session ID: 891413dff1d869680c42210605c4e831
*** Element info: {Using=css selector, value=div.alert-danger}
19:59:50.857 INFO - Executing: [delete session: d581e548-a2c3-4dec-bf99-cac024ad6491])
19:59:51.644 INFO - Done: [delete session: d581e548-a2c3-4dec-bf99-cac024ad6491]
